
> x_mas_letter@1.0.0 start
> node local_server.js

[33m[nodemon] 3.0.2[39m
[33m[nodemon] to restart at any time, enter `rs`[39m
[33m[nodemon] watching path(s): **[39m
[33m[nodemon] watching extensions: ts,json[39m
[32m[nodemon] starting `ts-node ./index.ts /usr/local/bin/node /Users/wave/Desktop/x-mas-letter-master/local_server.js`[39m
[[36m2023-12-14 18:40:22[39m] [32mSYSTEM[39m: RedisStorage connect! 
Express server has started on port 3033
Time:  1702546824893
Time:  1702546925802
Time:  1702546928522
Time:  1702546935242
{
  nickname: '한상훈',
  uid: '113061973522703513148',
  email: '33rnzla@gmail.com'
}
Time:  1702546935261
Time:  1702546935406
Time:  1702547006569
Time:  1702547007323
Time:  1702547007670
Time:  1702547007816
Time:  1702547015302
Time:  1702547049944
Time:  1702547090686
Time:  1702547100596
Time:  1702547101622
Time:  1702547102003
Time:  1702547129589
Time:  1702547130406
Time:  1702547130670
Time:  1702547264588
